{"/Users/cono/Documents/Projects/SalesforceLabs - CMS Content Type Creator/code/force-app/main/default/lwc/cmsConfirmation/cmsConfirmation.js": {"path":"/Users/cono/Documents/Projects/SalesforceLabs - CMS Content Type Creator/code/force-app/main/default/lwc/cmsConfirmation/cmsConfirmation.js","statementMap":{"0":{"start":{"line":10,"column":0},"end":{"line":10,"column":15}}},"fnMap":{},"branchMap":{},"s":{"0":0},"f":{},"b":{}}
,"/Users/cono/Documents/Projects/SalesforceLabs - CMS Content Type Creator/code/force-app/main/default/lwc/cmsContentTypeDetails/cmsContentTypeDetails.js": {"path":"/Users/cono/Documents/Projects/SalesforceLabs - CMS Content Type Creator/code/force-app/main/default/lwc/cmsContentTypeDetails/cmsContentTypeDetails.js","statementMap":{"0":{"start":{"line":11,"column":0},"end":{"line":11,"column":null}},"1":{"start":{"line":13,"column":16},"end":{"line":13,"column":null}},"2":{"start":{"line":23,"column":68},"end":{"line":23,"column":null}},"3":{"start":{"line":42,"column":8},"end":{"line":42,"column":null}},"4":{"start":{"line":43,"column":23},"end":{"line":43,"column":14}},"5":{"start":{"line":44,"column":23},"end":{"line":44,"column":25}},"6":{"start":{"line":45,"column":8},"end":{"line":45,"column":31}},"7":{"start":{"line":47,"column":36},"end":{"line":47,"column":40}},"8":{"start":{"line":48,"column":43},"end":{"line":48,"column":54}},"9":{"start":{"line":49,"column":16},"end":{"line":49,"column":null}},"10":{"start":{"line":50,"column":16},"end":{"line":50,"column":48}},"11":{"start":{"line":53,"column":16},"end":{"line":53,"column":null}},"12":{"start":{"line":56,"column":16},"end":{"line":56,"column":null}},"13":{"start":{"line":61,"column":8},"end":{"line":61,"column":27}},"14":{"start":{"line":62,"column":8},"end":{"line":62,"column":29}},"15":{"start":{"line":63,"column":8},"end":{"line":63,"column":29}},"16":{"start":{"line":64,"column":8},"end":{"line":64,"column":27}},"17":{"start":{"line":65,"column":8},"end":{"line":65,"column":29}},"18":{"start":{"line":66,"column":20},"end":{"line":66,"column":12}},"19":{"start":{"line":67,"column":8},"end":{"line":67,"column":21}},"20":{"start":{"line":71,"column":8},"end":{"line":97,"column":null}},"21":{"start":{"line":72,"column":12},"end":{"line":72,"column":20}},"22":{"start":{"line":74,"column":20},"end":{"line":74,"column":24}},"23":{"start":{"line":75,"column":20},"end":{"line":75,"column":null}},"24":{"start":{"line":77,"column":20},"end":{"line":77,"column":24}},"25":{"start":{"line":78,"column":20},"end":{"line":78,"column":null}},"26":{"start":{"line":80,"column":20},"end":{"line":80,"column":24}},"27":{"start":{"line":81,"column":20},"end":{"line":81,"column":null}},"28":{"start":{"line":83,"column":20},"end":{"line":83,"column":24}},"29":{"start":{"line":84,"column":20},"end":{"line":84,"column":null}},"30":{"start":{"line":86,"column":20},"end":{"line":86,"column":24}},"31":{"start":{"line":87,"column":20},"end":{"line":87,"column":null}},"32":{"start":{"line":89,"column":20},"end":{"line":89,"column":24}},"33":{"start":{"line":90,"column":20},"end":{"line":90,"column":null}},"34":{"start":{"line":92,"column":20},"end":{"line":92,"column":24}},"35":{"start":{"line":93,"column":20},"end":{"line":93,"column":null}},"36":{"start":{"line":95,"column":20},"end":{"line":95,"column":24}},"37":{"start":{"line":98,"column":8},"end":{"line":98,"column":null}},"38":{"start":{"line":102,"column":8},"end":{"line":102,"column":null}},"39":{"start":{"line":106,"column":8},"end":{"line":106,"column":38}},"40":{"start":{"line":110,"column":8},"end":{"line":110,"column":null}},"41":{"start":{"line":114,"column":8},"end":{"line":114,"column":null}},"42":{"start":{"line":115,"column":8},"end":{"line":115,"column":null}},"43":{"start":{"line":117,"column":21},"end":{"line":117,"column":23}},"44":{"start":{"line":118,"column":8},"end":{"line":118,"column":34}},"45":{"start":{"line":120,"column":16},"end":{"line":120,"column":25}},"46":{"start":{"line":121,"column":16},"end":{"line":121,"column":32}},"47":{"start":{"line":124,"column":16},"end":{"line":124,"column":null}},"48":{"start":{"line":127,"column":16},"end":{"line":127,"column":null}},"49":{"start":{"line":132,"column":8},"end":{"line":132,"column":null}},"50":{"start":{"line":136,"column":8},"end":{"line":136,"column":null}},"51":{"start":{"line":137,"column":8},"end":{"line":137,"column":null}},"52":{"start":{"line":138,"column":8},"end":{"line":138,"column":null}},"53":{"start":{"line":142,"column":45},"end":{"line":142,"column":null}},"54":{"start":{"line":143,"column":8},"end":{"line":143,"column":null}},"55":{"start":{"line":23,"column":0},"end":{"line":23,"column":15}}},"fnMap":{"0":{"name":"(anonymous_3)","decl":{"start":{"line":23,"column":68},"end":{"line":23,"column":null}},"loc":{"start":{"line":23,"column":68},"end":{"line":23,"column":null}}},"1":{"name":"(anonymous_4)","decl":{"start":{"line":41,"column":4},"end":{"line":41,"column":21}},"loc":{"start":{"line":41,"column":24},"end":{"line":58,"column":null}}},"2":{"name":"(anonymous_5)","decl":{"start":{"line":46,"column":19},"end":{"line":46,"column":36}},"loc":{"start":{"line":46,"column":36},"end":{"line":45,"column":31}}},"3":{"name":"(anonymous_6)","decl":{"start":{"line":52,"column":20},"end":{"line":52,"column":31}},"loc":{"start":{"line":52,"column":31},"end":{"line":45,"column":31}}},"4":{"name":"(anonymous_7)","decl":{"start":{"line":55,"column":21},"end":{"line":55,"column":27}},"loc":{"start":{"line":55,"column":27},"end":{"line":45,"column":31}}},"5":{"name":"(anonymous_8)","decl":{"start":{"line":60,"column":4},"end":{"line":60,"column":13}},"loc":{"start":{"line":60,"column":33},"end":{"line":68,"column":null}}},"6":{"name":"(anonymous_9)","decl":{"start":{"line":70,"column":4},"end":{"line":70,"column":37}},"loc":{"start":{"line":70,"column":45},"end":{"line":99,"column":null}}},"7":{"name":"(anonymous_10)","decl":{"start":{"line":101,"column":4},"end":{"line":101,"column":20}},"loc":{"start":{"line":101,"column":23},"end":{"line":103,"column":null}}},"8":{"name":"(anonymous_11)","decl":{"start":{"line":105,"column":4},"end":{"line":105,"column":9}},"loc":{"start":{"line":105,"column":12},"end":{"line":107,"column":null}}},"9":{"name":"(anonymous_12)","decl":{"start":{"line":109,"column":4},"end":{"line":109,"column":26}},"loc":{"start":{"line":109,"column":29},"end":{"line":111,"column":null}}},"10":{"name":"(anonymous_13)","decl":{"start":{"line":113,"column":4},"end":{"line":113,"column":21}},"loc":{"start":{"line":113,"column":24},"end":{"line":129,"column":null}}},"11":{"name":"(anonymous_14)","decl":{"start":{"line":119,"column":19},"end":{"line":119,"column":36}},"loc":{"start":{"line":119,"column":36},"end":{"line":118,"column":34}}},"12":{"name":"(anonymous_15)","decl":{"start":{"line":123,"column":20},"end":{"line":123,"column":31}},"loc":{"start":{"line":123,"column":31},"end":{"line":118,"column":34}}},"13":{"name":"(anonymous_16)","decl":{"start":{"line":126,"column":21},"end":{"line":126,"column":27}},"loc":{"start":{"line":126,"column":27},"end":{"line":118,"column":34}}},"14":{"name":"(anonymous_17)","decl":{"start":{"line":131,"column":4},"end":{"line":131,"column":15}},"loc":{"start":{"line":131,"column":18},"end":{"line":133,"column":null}}},"15":{"name":"(anonymous_18)","decl":{"start":{"line":135,"column":4},"end":{"line":135,"column":14}},"loc":{"start":{"line":135,"column":41},"end":{"line":139,"column":null}}},"16":{"name":"(anonymous_19)","decl":{"start":{"line":141,"column":4},"end":{"line":141,"column":16}},"loc":{"start":{"line":141,"column":25},"end":{"line":144,"column":null}}}},"branchMap":{"0":{"loc":{"start":{"line":73,"column":16},"end":{"line":75,"column":null}},"type":"switch","locations":[{"start":{"line":73,"column":16},"end":{"line":75,"column":null}},{"start":{"line":76,"column":16},"end":{"line":78,"column":null}},{"start":{"line":79,"column":16},"end":{"line":81,"column":null}},{"start":{"line":82,"column":16},"end":{"line":84,"column":null}},{"start":{"line":85,"column":16},"end":{"line":87,"column":null}},{"start":{"line":88,"column":16},"end":{"line":90,"column":null}},{"start":{"line":91,"column":16},"end":{"line":93,"column":null}},{"start":{"line":94,"column":16},"end":{"line":95,"column":24}}]}},"s":{"0":0,"1":0,"2":0,"3":0,"4":0,"5":0,"6":0,"7":0,"8":0,"9":0,"10":0,"11":0,"12":0,"13":0,"14":0,"15":0,"16":0,"17":0,"18":0,"19":0,"20":0,"21":0,"22":0,"23":0,"24":0,"25":0,"26":0,"27":0,"28":0,"29":0,"30":0,"31":0,"32":0,"33":0,"34":0,"35":0,"36":0,"37":0,"38":0,"39":0,"40":0,"41":0,"42":0,"43":0,"44":0,"45":0,"46":0,"47":0,"48":0,"49":0,"50":0,"51":0,"52":0,"53":0,"54":0,"55":0},"f":{"0":0,"1":0,"2":0,"3":0,"4":0,"5":0,"6":0,"7":0,"8":0,"9":0,"10":0,"11":0,"12":0,"13":0,"14":0,"15":0,"16":0},"b":{"0":[0,0,0,0,0,0,0,0]}}
,"/Users/cono/Documents/Projects/SalesforceLabs - CMS Content Type Creator/code/force-app/main/default/lwc/cmsContentTypes/cmsContentTypes.js": {"path":"/Users/cono/Documents/Projects/SalesforceLabs - CMS Content Type Creator/code/force-app/main/default/lwc/cmsContentTypes/cmsContentTypes.js","statementMap":{"0":{"start":{"line":11,"column":0},"end":{"line":11,"column":null}},"1":{"start":{"line":13,"column":16},"end":{"line":13,"column":null}},"2":{"start":{"line":19,"column":16},"end":{"line":19,"column":null}},"3":{"start":{"line":28,"column":63},"end":{"line":28,"column":null}},"4":{"start":{"line":44,"column":8},"end":{"line":44,"column":null}},"5":{"start":{"line":48,"column":8},"end":{"line":48,"column":null}},"6":{"start":{"line":49,"column":8},"end":{"line":49,"column":35}},"7":{"start":{"line":51,"column":34},"end":{"line":51,"column":38}},"8":{"start":{"line":52,"column":35},"end":{"line":52,"column":20}},"9":{"start":{"line":54,"column":16},"end":{"line":57,"column":null}},"10":{"start":{"line":55,"column":20},"end":{"line":55,"column":22}},"11":{"start":{"line":56,"column":20},"end":{"line":56,"column":22}},"12":{"start":{"line":58,"column":16},"end":{"line":58,"column":null}},"13":{"start":{"line":61,"column":16},"end":{"line":61,"column":null}},"14":{"start":{"line":64,"column":16},"end":{"line":64,"column":null}},"15":{"start":{"line":69,"column":27},"end":{"line":69,"column":14}},"16":{"start":{"line":70,"column":20},"end":{"line":70,"column":14}},"17":{"start":{"line":71,"column":8},"end":{"line":71,"column":null}},"18":{"start":{"line":73,"column":16},"end":{"line":73,"column":null}},"19":{"start":{"line":74,"column":16},"end":{"line":74,"column":37}},"20":{"start":{"line":75,"column":16},"end":{"line":75,"column":null}},"21":{"start":{"line":77,"column":16},"end":{"line":77,"column":46}},"22":{"start":{"line":78,"column":16},"end":{"line":78,"column":null}},"23":{"start":{"line":80,"column":16},"end":{"line":80,"column":46}},"24":{"start":{"line":85,"column":8},"end":{"line":85,"column":null}},"25":{"start":{"line":89,"column":8},"end":{"line":89,"column":null}},"26":{"start":{"line":93,"column":8},"end":{"line":93,"column":null}},"27":{"start":{"line":97,"column":8},"end":{"line":97,"column":null}},"28":{"start":{"line":98,"column":8},"end":{"line":98,"column":null}},"29":{"start":{"line":100,"column":23},"end":{"line":100,"column":25}},"30":{"start":{"line":101,"column":8},"end":{"line":101,"column":34}},"31":{"start":{"line":103,"column":16},"end":{"line":103,"column":25}},"32":{"start":{"line":104,"column":16},"end":{"line":104,"column":null}},"33":{"start":{"line":107,"column":16},"end":{"line":107,"column":null}},"34":{"start":{"line":110,"column":16},"end":{"line":110,"column":null}},"35":{"start":{"line":115,"column":8},"end":{"line":115,"column":null}},"36":{"start":{"line":116,"column":8},"end":{"line":116,"column":null}},"37":{"start":{"line":117,"column":8},"end":{"line":117,"column":null}},"38":{"start":{"line":121,"column":45},"end":{"line":121,"column":null}},"39":{"start":{"line":122,"column":8},"end":{"line":122,"column":null}},"40":{"start":{"line":126,"column":55},"end":{"line":126,"column":14}},"41":{"start":{"line":127,"column":34},"end":{"line":127,"column":35}},"42":{"start":{"line":128,"column":8},"end":{"line":149,"column":null}},"43":{"start":{"line":129,"column":12},"end":{"line":129,"column":29}},"44":{"start":{"line":130,"column":16},"end":{"line":132,"column":null}},"45":{"start":{"line":131,"column":20},"end":{"line":131,"column":27}},"46":{"start":{"line":133,"column":16},"end":{"line":135,"column":null}},"47":{"start":{"line":134,"column":20},"end":{"line":134,"column":null}},"48":{"start":{"line":136,"column":16},"end":{"line":136,"column":null}},"49":{"start":{"line":140,"column":12},"end":{"line":140,"column":29}},"50":{"start":{"line":141,"column":16},"end":{"line":143,"column":null}},"51":{"start":{"line":142,"column":20},"end":{"line":142,"column":27}},"52":{"start":{"line":144,"column":16},"end":{"line":146,"column":null}},"53":{"start":{"line":145,"column":20},"end":{"line":145,"column":null}},"54":{"start":{"line":147,"column":16},"end":{"line":147,"column":null}},"55":{"start":{"line":151,"column":8},"end":{"line":151,"column":null}},"56":{"start":{"line":152,"column":8},"end":{"line":152,"column":null}},"57":{"start":{"line":153,"column":8},"end":{"line":153,"column":null}},"58":{"start":{"line":157,"column":8},"end":{"line":157,"column":null}},"59":{"start":{"line":28,"column":0},"end":{"line":28,"column":15}}},"fnMap":{"0":{"name":"(anonymous_3)","decl":{"start":{"line":28,"column":63},"end":{"line":28,"column":null}},"loc":{"start":{"line":28,"column":63},"end":{"line":28,"column":null}}},"1":{"name":"(anonymous_4)","decl":{"start":{"line":43,"column":4},"end":{"line":43,"column":21}},"loc":{"start":{"line":43,"column":24},"end":{"line":45,"column":null}}},"2":{"name":"(anonymous_5)","decl":{"start":{"line":47,"column":4},"end":{"line":47,"column":8}},"loc":{"start":{"line":47,"column":11},"end":{"line":66,"column":null}}},"3":{"name":"(anonymous_6)","decl":{"start":{"line":50,"column":18},"end":{"line":50,"column":24}},"loc":{"start":{"line":50,"column":28},"end":{"line":49,"column":35}}},"4":{"name":"(anonymous_7)","decl":{"start":{"line":60,"column":19},"end":{"line":60,"column":25}},"loc":{"start":{"line":60,"column":29},"end":{"line":49,"column":35}}},"5":{"name":"(anonymous_8)","decl":{"start":{"line":63,"column":21},"end":{"line":63,"column":27}},"loc":{"start":{"line":63,"column":27},"end":{"line":49,"column":35}}},"6":{"name":"(anonymous_9)","decl":{"start":{"line":68,"column":4},"end":{"line":68,"column":19}},"loc":{"start":{"line":68,"column":27},"end":{"line":82,"column":null}}},"7":{"name":"(anonymous_10)","decl":{"start":{"line":84,"column":4},"end":{"line":84,"column":11}},"loc":{"start":{"line":84,"column":14},"end":{"line":86,"column":null}}},"8":{"name":"(anonymous_11)","decl":{"start":{"line":88,"column":4},"end":{"line":88,"column":15}},"loc":{"start":{"line":88,"column":18},"end":{"line":90,"column":null}}},"9":{"name":"(anonymous_12)","decl":{"start":{"line":92,"column":4},"end":{"line":92,"column":26}},"loc":{"start":{"line":92,"column":29},"end":{"line":94,"column":null}}},"10":{"name":"(anonymous_13)","decl":{"start":{"line":96,"column":4},"end":{"line":96,"column":21}},"loc":{"start":{"line":96,"column":24},"end":{"line":112,"column":null}}},"11":{"name":"(anonymous_14)","decl":{"start":{"line":102,"column":18},"end":{"line":102,"column":24}},"loc":{"start":{"line":102,"column":24},"end":{"line":101,"column":34}}},"12":{"name":"(anonymous_15)","decl":{"start":{"line":106,"column":20},"end":{"line":106,"column":31}},"loc":{"start":{"line":106,"column":31},"end":{"line":101,"column":34}}},"13":{"name":"(anonymous_16)","decl":{"start":{"line":109,"column":21},"end":{"line":109,"column":27}},"loc":{"start":{"line":109,"column":27},"end":{"line":101,"column":34}}},"14":{"name":"(anonymous_17)","decl":{"start":{"line":114,"column":4},"end":{"line":114,"column":14}},"loc":{"start":{"line":114,"column":41},"end":{"line":118,"column":null}}},"15":{"name":"(anonymous_18)","decl":{"start":{"line":120,"column":4},"end":{"line":120,"column":16}},"loc":{"start":{"line":120,"column":25},"end":{"line":123,"column":null}}},"16":{"name":"(anonymous_19)","decl":{"start":{"line":125,"column":4},"end":{"line":125,"column":14}},"loc":{"start":{"line":125,"column":22},"end":{"line":154,"column":null}}},"17":{"name":"(anonymous_20)","decl":{"start":{"line":129,"column":35},"end":{"line":129,"column":45}},"loc":{"start":{"line":129,"column":45},"end":{"line":129,"column":29}}},"18":{"name":"(anonymous_21)","decl":{"start":{"line":140,"column":35},"end":{"line":140,"column":45}},"loc":{"start":{"line":140,"column":45},"end":{"line":140,"column":29}}},"19":{"name":"(anonymous_22)","decl":{"start":{"line":156,"column":4},"end":{"line":156,"column":26}},"loc":{"start":{"line":156,"column":29},"end":{"line":158,"column":null}}}},"branchMap":{"0":{"loc":{"start":{"line":72,"column":12},"end":{"line":75,"column":null}},"type":"switch","locations":[{"start":{"line":72,"column":12},"end":{"line":75,"column":null}},{"start":{"line":76,"column":12},"end":{"line":78,"column":null}},{"start":{"line":79,"column":12},"end":{"line":80,"column":46}}]},"1":{"loc":{"start":{"line":128,"column":8},"end":{"line":149,"column":null}},"type":"if","locations":[{"start":{"line":128,"column":8},"end":{"line":149,"column":null}},{"start":{"line":128,"column":8},"end":{"line":149,"column":null}}]},"2":{"loc":{"start":{"line":130,"column":16},"end":{"line":132,"column":null}},"type":"if","locations":[{"start":{"line":130,"column":16},"end":{"line":132,"column":null}},{"start":{"line":130,"column":16},"end":{"line":132,"column":null}}]},"3":{"loc":{"start":{"line":133,"column":16},"end":{"line":135,"column":null}},"type":"if","locations":[{"start":{"line":133,"column":16},"end":{"line":135,"column":null}},{"start":{"line":133,"column":16},"end":{"line":135,"column":null}}]},"4":{"loc":{"start":{"line":141,"column":16},"end":{"line":143,"column":null}},"type":"if","locations":[{"start":{"line":141,"column":16},"end":{"line":143,"column":null}},{"start":{"line":141,"column":16},"end":{"line":143,"column":null}}]},"5":{"loc":{"start":{"line":144,"column":16},"end":{"line":146,"column":null}},"type":"if","locations":[{"start":{"line":144,"column":16},"end":{"line":146,"column":null}},{"start":{"line":144,"column":16},"end":{"line":146,"column":null}}]}},"s":{"0":0,"1":0,"2":0,"3":0,"4":0,"5":0,"6":0,"7":0,"8":0,"9":0,"10":0,"11":0,"12":0,"13":0,"14":0,"15":0,"16":0,"17":0,"18":0,"19":0,"20":0,"21":0,"22":0,"23":0,"24":0,"25":0,"26":0,"27":0,"28":0,"29":0,"30":0,"31":0,"32":0,"33":0,"34":0,"35":0,"36":0,"37":0,"38":0,"39":0,"40":0,"41":0,"42":0,"43":0,"44":0,"45":0,"46":0,"47":0,"48":0,"49":0,"50":0,"51":0,"52":0,"53":0,"54":0,"55":0,"56":0,"57":0,"58":0,"59":0},"f":{"0":0,"1":0,"2":0,"3":0,"4":0,"5":0,"6":0,"7":0,"8":0,"9":0,"10":0,"11":0,"12":0,"13":0,"14":0,"15":0,"16":0,"17":0,"18":0,"19":0},"b":{"0":[0,0,0],"1":[0,0],"2":[0,0],"3":[0,0],"4":[0,0],"5":[0,0]}}
,"/Users/cono/Documents/Projects/SalesforceLabs - CMS Content Type Creator/code/force-app/main/default/lwc/cmsCreateContentType/cmsCreateContentType.js": {"path":"/Users/cono/Documents/Projects/SalesforceLabs - CMS Content Type Creator/code/force-app/main/default/lwc/cmsCreateContentType/cmsCreateContentType.js","statementMap":{"0":{"start":{"line":11,"column":0},"end":{"line":11,"column":null}},"1":{"start":{"line":13,"column":0},"end":{"line":13,"column":null}},"2":{"start":{"line":15,"column":16},"end":{"line":15,"column":null}},"3":{"start":{"line":38,"column":67},"end":{"line":38,"column":null}},"4":{"start":{"line":59,"column":8},"end":{"line":59,"column":null}},"5":{"start":{"line":59,"column":33},"end":{"line":59,"column":null}},"6":{"start":{"line":60,"column":8},"end":{"line":60,"column":null}},"7":{"start":{"line":61,"column":8},"end":{"line":61,"column":17}},"8":{"start":{"line":63,"column":12},"end":{"line":63,"column":19}},"9":{"start":{"line":64,"column":12},"end":{"line":64,"column":19}},"10":{"start":{"line":69,"column":8},"end":{"line":69,"column":null}},"11":{"start":{"line":70,"column":23},"end":{"line":70,"column":14}},"12":{"start":{"line":71,"column":8},"end":{"line":77,"column":null}},"13":{"start":{"line":72,"column":12},"end":{"line":72,"column":null}},"14":{"start":{"line":75,"column":12},"end":{"line":75,"column":null}},"15":{"start":{"line":76,"column":12},"end":{"line":76,"column":null}},"16":{"start":{"line":81,"column":23},"end":{"line":81,"column":25}},"17":{"start":{"line":82,"column":8},"end":{"line":82,"column":31}},"18":{"start":{"line":84,"column":34},"end":{"line":84,"column":38}},"19":{"start":{"line":85,"column":41},"end":{"line":85,"column":52}},"20":{"start":{"line":87,"column":16},"end":{"line":87,"column":35}},"21":{"start":{"line":88,"column":16},"end":{"line":88,"column":37}},"22":{"start":{"line":90,"column":28},"end":{"line":90,"column":20}},"23":{"start":{"line":91,"column":16},"end":{"line":94,"column":null}},"24":{"start":{"line":91,"column":16},"end":{"line":91,"column":21}},"25":{"start":{"line":92,"column":20},"end":{"line":92,"column":25}},"26":{"start":{"line":93,"column":20},"end":{"line":93,"column":25}},"27":{"start":{"line":95,"column":16},"end":{"line":95,"column":null}},"28":{"start":{"line":98,"column":16},"end":{"line":98,"column":null}},"29":{"start":{"line":101,"column":16},"end":{"line":101,"column":null}},"30":{"start":{"line":106,"column":28},"end":{"line":106,"column":null}},"31":{"start":{"line":118,"column":8},"end":{"line":118,"column":null}},"32":{"start":{"line":119,"column":8},"end":{"line":119,"column":null}},"33":{"start":{"line":123,"column":8},"end":{"line":123,"column":24}},"34":{"start":{"line":127,"column":8},"end":{"line":127,"column":null}},"35":{"start":{"line":128,"column":8},"end":{"line":128,"column":null}},"36":{"start":{"line":130,"column":26},"end":{"line":130,"column":30}},"37":{"start":{"line":132,"column":8},"end":{"line":135,"column":null}},"38":{"start":{"line":133,"column":12},"end":{"line":133,"column":19}},"39":{"start":{"line":134,"column":12},"end":{"line":134,"column":19}},"40":{"start":{"line":137,"column":33},"end":{"line":137,"column":null}},"41":{"start":{"line":147,"column":21},"end":{"line":147,"column":null}},"42":{"start":{"line":151,"column":8},"end":{"line":151,"column":34}},"43":{"start":{"line":153,"column":16},"end":{"line":153,"column":25}},"44":{"start":{"line":154,"column":32},"end":{"line":154,"column":20}},"45":{"start":{"line":156,"column":16},"end":{"line":156,"column":46}},"46":{"start":{"line":159,"column":16},"end":{"line":159,"column":null}},"47":{"start":{"line":162,"column":16},"end":{"line":162,"column":null}},"48":{"start":{"line":168,"column":26},"end":{"line":168,"column":12}},"49":{"start":{"line":169,"column":20},"end":{"line":169,"column":12}},"50":{"start":{"line":170,"column":8},"end":{"line":179,"column":null}},"51":{"start":{"line":171,"column":12},"end":{"line":171,"column":20}},"52":{"start":{"line":172,"column":12},"end":{"line":178,"column":null}},"53":{"start":{"line":173,"column":16},"end":{"line":177,"column":null}},"54":{"start":{"line":174,"column":20},"end":{"line":176,"column":null}},"55":{"start":{"line":175,"column":24},"end":{"line":175,"column":28}},"56":{"start":{"line":180,"column":8},"end":{"line":180,"column":null}},"57":{"start":{"line":181,"column":8},"end":{"line":181,"column":null}},"58":{"start":{"line":186,"column":31},"end":{"line":186,"column":12}},"59":{"start":{"line":187,"column":20},"end":{"line":187,"column":12}},"60":{"start":{"line":189,"column":8},"end":{"line":193,"column":null}},"61":{"start":{"line":190,"column":12},"end":{"line":192,"column":null}},"62":{"start":{"line":191,"column":16},"end":{"line":191,"column":20}},"63":{"start":{"line":195,"column":8},"end":{"line":195,"column":null}},"64":{"start":{"line":196,"column":8},"end":{"line":196,"column":null}},"65":{"start":{"line":200,"column":27},"end":{"line":200,"column":14}},"66":{"start":{"line":201,"column":20},"end":{"line":201,"column":14}},"67":{"start":{"line":203,"column":8},"end":{"line":208,"column":null}},"68":{"start":{"line":204,"column":12},"end":{"line":204,"column":33}},"69":{"start":{"line":205,"column":12},"end":{"line":205,"column":33}},"70":{"start":{"line":206,"column":12},"end":{"line":206,"column":29}},"71":{"start":{"line":207,"column":12},"end":{"line":207,"column":null}},"72":{"start":{"line":209,"column":8},"end":{"line":216,"column":null}},"73":{"start":{"line":210,"column":24},"end":{"line":210,"column":16}},"74":{"start":{"line":211,"column":27},"end":{"line":211,"column":32}},"75":{"start":{"line":211,"column":50},"end":{"line":211,"column":16}},"76":{"start":{"line":212,"column":12},"end":{"line":214,"column":null}},"77":{"start":{"line":212,"column":12},"end":{"line":212,"column":17}},"78":{"start":{"line":213,"column":16},"end":{"line":213,"column":24}},"79":{"start":{"line":215,"column":12},"end":{"line":215,"column":null}},"80":{"start":{"line":220,"column":20},"end":{"line":220,"column":12}},"81":{"start":{"line":221,"column":22},"end":{"line":221,"column":null}},"82":{"start":{"line":232,"column":8},"end":{"line":232,"column":13}},"83":{"start":{"line":233,"column":8},"end":{"line":233,"column":null}},"84":{"start":{"line":237,"column":8},"end":{"line":237,"column":null}},"85":{"start":{"line":241,"column":8},"end":{"line":241,"column":null}},"86":{"start":{"line":245,"column":23},"end":{"line":245,"column":12}},"87":{"start":{"line":246,"column":8},"end":{"line":246,"column":null}},"88":{"start":{"line":249,"column":28},"end":{"line":249,"column":12}},"89":{"start":{"line":250,"column":8},"end":{"line":250,"column":null}},"90":{"start":{"line":250,"column":53},"end":{"line":250,"column":null}},"91":{"start":{"line":251,"column":27},"end":{"line":251,"column":null}},"92":{"start":{"line":252,"column":8},"end":{"line":252,"column":null}},"93":{"start":{"line":259,"column":8},"end":{"line":259,"column":29}},"94":{"start":{"line":263,"column":8},"end":{"line":263,"column":27}},"95":{"start":{"line":267,"column":8},"end":{"line":267,"column":null}},"96":{"start":{"line":271,"column":8},"end":{"line":271,"column":null}},"97":{"start":{"line":272,"column":8},"end":{"line":272,"column":null}},"98":{"start":{"line":273,"column":8},"end":{"line":273,"column":null}},"99":{"start":{"line":277,"column":45},"end":{"line":277,"column":null}},"100":{"start":{"line":278,"column":8},"end":{"line":278,"column":null}},"101":{"start":{"line":38,"column":0},"end":{"line":38,"column":15}}},"fnMap":{"0":{"name":"(anonymous_3)","decl":{"start":{"line":38,"column":67},"end":{"line":38,"column":null}},"loc":{"start":{"line":38,"column":67},"end":{"line":38,"column":null}}},"1":{"name":"(anonymous_4)","decl":{"start":{"line":58,"column":4},"end":{"line":58,"column":20}},"loc":{"start":{"line":58,"column":23},"end":{"line":66,"column":null}}},"2":{"name":"(anonymous_5)","decl":{"start":{"line":62,"column":14},"end":{"line":62,"column":20}},"loc":{"start":{"line":62,"column":24},"end":{"line":61,"column":17}}},"3":{"name":"(anonymous_6)","decl":{"start":{"line":68,"column":4},"end":{"line":68,"column":21}},"loc":{"start":{"line":68,"column":24},"end":{"line":78,"column":null}}},"4":{"name":"(anonymous_7)","decl":{"start":{"line":80,"column":4},"end":{"line":80,"column":25}},"loc":{"start":{"line":80,"column":34},"end":{"line":103,"column":null}}},"5":{"name":"(anonymous_8)","decl":{"start":{"line":83,"column":19},"end":{"line":83,"column":36}},"loc":{"start":{"line":83,"column":36},"end":{"line":82,"column":31}}},"6":{"name":"(anonymous_9)","decl":{"start":{"line":97,"column":20},"end":{"line":97,"column":31}},"loc":{"start":{"line":97,"column":31},"end":{"line":82,"column":31}}},"7":{"name":"(anonymous_10)","decl":{"start":{"line":100,"column":21},"end":{"line":100,"column":27}},"loc":{"start":{"line":100,"column":27},"end":{"line":82,"column":31}}},"8":{"name":"(anonymous_11)","decl":{"start":{"line":105,"column":4},"end":{"line":105,"column":27}},"loc":{"start":{"line":105,"column":30},"end":{"line":120,"column":null}}},"9":{"name":"(anonymous_12)","decl":{"start":{"line":122,"column":4},"end":{"line":122,"column":10}},"loc":{"start":{"line":122,"column":13},"end":{"line":124,"column":null}}},"10":{"name":"(anonymous_13)","decl":{"start":{"line":126,"column":4},"end":{"line":126,"column":10}},"loc":{"start":{"line":126,"column":13},"end":{"line":164,"column":null}}},"11":{"name":"(anonymous_14)","decl":{"start":{"line":152,"column":19},"end":{"line":152,"column":36}},"loc":{"start":{"line":152,"column":36},"end":{"line":151,"column":34}}},"12":{"name":"(anonymous_15)","decl":{"start":{"line":158,"column":20},"end":{"line":158,"column":31}},"loc":{"start":{"line":158,"column":31},"end":{"line":151,"column":34}}},"13":{"name":"(anonymous_16)","decl":{"start":{"line":161,"column":21},"end":{"line":161,"column":27}},"loc":{"start":{"line":161,"column":27},"end":{"line":151,"column":34}}},"14":{"name":"(anonymous_17)","decl":{"start":{"line":166,"column":4},"end":{"line":166,"column":15}},"loc":{"start":{"line":166,"column":23},"end":{"line":182,"column":null}}},"15":{"name":"(anonymous_18)","decl":{"start":{"line":184,"column":4},"end":{"line":184,"column":20}},"loc":{"start":{"line":184,"column":28},"end":{"line":197,"column":null}}},"16":{"name":"(anonymous_19)","decl":{"start":{"line":199,"column":4},"end":{"line":199,"column":22}},"loc":{"start":{"line":199,"column":30},"end":{"line":217,"column":null}}},"17":{"name":"(anonymous_20)","decl":{"start":{"line":211,"column":41},"end":{"line":211,"column":50}},"loc":{"start":{"line":211,"column":50},"end":{"line":211,"column":16}}},"18":{"name":"(anonymous_21)","decl":{"start":{"line":219,"column":4},"end":{"line":219,"column":11}},"loc":{"start":{"line":219,"column":14},"end":{"line":234,"column":null}}},"19":{"name":"(anonymous_22)","decl":{"start":{"line":236,"column":4},"end":{"line":236,"column":37}},"loc":{"start":{"line":236,"column":40},"end":{"line":238,"column":null}}},"20":{"name":"(anonymous_23)","decl":{"start":{"line":240,"column":4},"end":{"line":240,"column":36}},"loc":{"start":{"line":240,"column":39},"end":{"line":242,"column":null}}},"21":{"name":"(anonymous_24)","decl":{"start":{"line":244,"column":4},"end":{"line":244,"column":18}},"loc":{"start":{"line":244,"column":26},"end":{"line":253,"column":null}}},"22":{"name":"(anonymous_25)","decl":{"start":{"line":255,"column":4},"end":{"line":255,"column":20}},"loc":{"start":{"line":255,"column":28},"end":{"line":260,"column":null}}},"23":{"name":"(anonymous_26)","decl":{"start":{"line":262,"column":4},"end":{"line":262,"column":18}},"loc":{"start":{"line":262,"column":26},"end":{"line":264,"column":null}}},"24":{"name":"(anonymous_27)","decl":{"start":{"line":266,"column":4},"end":{"line":266,"column":15}},"loc":{"start":{"line":266,"column":18},"end":{"line":268,"column":null}}},"25":{"name":"(anonymous_28)","decl":{"start":{"line":270,"column":4},"end":{"line":270,"column":14}},"loc":{"start":{"line":270,"column":41},"end":{"line":274,"column":null}}},"26":{"name":"(anonymous_29)","decl":{"start":{"line":276,"column":4},"end":{"line":276,"column":16}},"loc":{"start":{"line":276,"column":25},"end":{"line":279,"column":null}}}},"branchMap":{"0":{"loc":{"start":{"line":59,"column":8},"end":{"line":59,"column":null}},"type":"if","locations":[{"start":{"line":59,"column":8},"end":{"line":59,"column":null}},{"start":{"line":59,"column":8},"end":{"line":59,"column":null}}]},"1":{"loc":{"start":{"line":71,"column":8},"end":{"line":77,"column":null}},"type":"if","locations":[{"start":{"line":71,"column":8},"end":{"line":77,"column":null}},{"start":{"line":71,"column":8},"end":{"line":77,"column":null}}]},"2":{"loc":{"start":{"line":93,"column":47},"end":{"line":93,"column":52}},"type":"cond-expr","locations":[{"start":{"line":93,"column":47},"end":{"line":93,"column":52}},{"start":{"line":93,"column":20},"end":{"line":93,"column":25}}]},"3":{"loc":{"start":{"line":173,"column":16},"end":{"line":177,"column":null}},"type":"if","locations":[{"start":{"line":173,"column":16},"end":{"line":177,"column":null}},{"start":{"line":173,"column":16},"end":{"line":177,"column":null}}]},"4":{"loc":{"start":{"line":190,"column":12},"end":{"line":192,"column":null}},"type":"if","locations":[{"start":{"line":190,"column":12},"end":{"line":192,"column":null}},{"start":{"line":190,"column":12},"end":{"line":192,"column":null}}]},"5":{"loc":{"start":{"line":203,"column":8},"end":{"line":208,"column":null}},"type":"if","locations":[{"start":{"line":203,"column":8},"end":{"line":208,"column":null}},{"start":{"line":203,"column":8},"end":{"line":208,"column":null}}]},"6":{"loc":{"start":{"line":209,"column":8},"end":{"line":216,"column":null}},"type":"if","locations":[{"start":{"line":209,"column":8},"end":{"line":216,"column":null}},{"start":{"line":209,"column":8},"end":{"line":216,"column":null}}]},"7":{"loc":{"start":{"line":250,"column":8},"end":{"line":250,"column":null}},"type":"if","locations":[{"start":{"line":250,"column":8},"end":{"line":250,"column":null}},{"start":{"line":250,"column":8},"end":{"line":250,"column":null}}]},"8":{"loc":{"start":{"line":250,"column":12},"end":{"line":250,"column":20}},"type":"binary-expr","locations":[{"start":{"line":250,"column":12},"end":{"line":250,"column":20}},{"start":{"line":250,"column":31},"end":{"line":250,"column":12}}]}},"s":{"0":0,"1":0,"2":0,"3":0,"4":0,"5":0,"6":0,"7":0,"8":0,"9":0,"10":0,"11":0,"12":0,"13":0,"14":0,"15":0,"16":0,"17":0,"18":0,"19":0,"20":0,"21":0,"22":0,"23":0,"24":0,"25":0,"26":0,"27":0,"28":0,"29":0,"30":0,"31":0,"32":0,"33":0,"34":0,"35":0,"36":0,"37":0,"38":0,"39":0,"40":0,"41":0,"42":0,"43":0,"44":0,"45":0,"46":0,"47":0,"48":0,"49":0,"50":0,"51":0,"52":0,"53":0,"54":0,"55":0,"56":0,"57":0,"58":0,"59":0,"60":0,"61":0,"62":0,"63":0,"64":0,"65":0,"66":0,"67":0,"68":0,"69":0,"70":0,"71":0,"72":0,"73":0,"74":0,"75":0,"76":0,"77":0,"78":0,"79":0,"80":0,"81":0,"82":0,"83":0,"84":0,"85":0,"86":0,"87":0,"88":0,"89":0,"90":0,"91":0,"92":0,"93":0,"94":0,"95":0,"96":0,"97":0,"98":0,"99":0,"100":0,"101":0},"f":{"0":0,"1":0,"2":0,"3":0,"4":0,"5":0,"6":0,"7":0,"8":0,"9":0,"10":0,"11":0,"12":0,"13":0,"14":0,"15":0,"16":0,"17":0,"18":0,"19":0,"20":0,"21":0,"22":0,"23":0,"24":0,"25":0,"26":0},"b":{"0":[0,0],"1":[0,0],"2":[0,0],"3":[0,0],"4":[0,0],"5":[0,0],"6":[0,0],"7":[0,0],"8":[0,0]}}
,"/Users/cono/Documents/Projects/SalesforceLabs - CMS Content Type Creator/code/force-app/main/default/lwc/cmsNotice/cmsNotice.js": {"path":"/Users/cono/Documents/Projects/SalesforceLabs - CMS Content Type Creator/code/force-app/main/default/lwc/cmsNotice/cmsNotice.js","statementMap":{"0":{"start":{"line":10,"column":56},"end":{"line":10,"column":null}},"1":{"start":{"line":15,"column":8},"end":{"line":15,"column":27}},"2":{"start":{"line":10,"column":0},"end":{"line":10,"column":15}}},"fnMap":{"0":{"name":"(anonymous_1)","decl":{"start":{"line":10,"column":56},"end":{"line":10,"column":null}},"loc":{"start":{"line":10,"column":56},"end":{"line":10,"column":null}}},"1":{"name":"(anonymous_2)","decl":{"start":{"line":14,"column":4},"end":{"line":14,"column":15}},"loc":{"start":{"line":14,"column":17},"end":{"line":16,"column":null}}}},"branchMap":{},"s":{"0":9,"1":1,"2":1},"f":{"0":3,"1":1},"b":{}}
,"/Users/cono/Documents/Projects/SalesforceLabs - CMS Content Type Creator/code/force-app/main/default/lwc/comboboxCustomType/comboboxCustomType.js": {"path":"/Users/cono/Documents/Projects/SalesforceLabs - CMS Content Type Creator/code/force-app/main/default/lwc/comboboxCustomType/comboboxCustomType.js","statementMap":{"0":{"start":{"line":10,"column":65},"end":{"line":10,"column":null}},"1":{"start":{"line":19,"column":22},"end":{"line":19,"column":23}},"2":{"start":{"line":20,"column":8},"end":{"line":22,"column":null}},"3":{"start":{"line":21,"column":12},"end":{"line":21,"column":19}},"4":{"start":{"line":24,"column":8},"end":{"line":24,"column":null}},"5":{"start":{"line":28,"column":8},"end":{"line":28,"column":27}},"6":{"start":{"line":10,"column":0},"end":{"line":10,"column":15}}},"fnMap":{"0":{"name":"(anonymous_1)","decl":{"start":{"line":10,"column":65},"end":{"line":10,"column":null}},"loc":{"start":{"line":10,"column":65},"end":{"line":10,"column":null}}},"1":{"name":"(anonymous_2)","decl":{"start":{"line":18,"column":4},"end":{"line":18,"column":21}},"loc":{"start":{"line":18,"column":24},"end":{"line":25,"column":null}}},"2":{"name":"(anonymous_3)","decl":{"start":{"line":27,"column":4},"end":{"line":27,"column":16}},"loc":{"start":{"line":27,"column":24},"end":{"line":37,"column":null}}}},"branchMap":{"0":{"loc":{"start":{"line":20,"column":8},"end":{"line":22,"column":null}},"type":"if","locations":[{"start":{"line":20,"column":8},"end":{"line":22,"column":null}},{"start":{"line":20,"column":8},"end":{"line":22,"column":null}}]}},"s":{"0":0,"1":0,"2":0,"3":0,"4":0,"5":0,"6":0},"f":{"0":0,"1":0,"2":0},"b":{"0":[0,0]}}
,"/Users/cono/Documents/Projects/SalesforceLabs - CMS Content Type Creator/code/force-app/main/default/lwc/extendedDatatable/extendedDatatable.js": {"path":"/Users/cono/Documents/Projects/SalesforceLabs - CMS Content Type Creator/code/force-app/main/default/lwc/extendedDatatable/extendedDatatable.js","statementMap":{"0":{"start":{"line":8,"column":0},"end":{"line":8,"column":null}},"1":{"start":{"line":9,"column":0},"end":{"line":9,"column":null}},"2":{"start":{"line":11,"column":21},"end":{"line":11,"column":66}},"3":{"start":{"line":11,"column":0},"end":{"line":11,"column":15}}},"fnMap":{},"branchMap":{},"s":{"0":0,"1":0,"2":0,"3":0},"f":{},"b":{}}
,"/Users/cono/Documents/Projects/SalesforceLabs - CMS Content Type Creator/code/force-app/main/default/lwc/utils/utils.js": {"path":"/Users/cono/Documents/Projects/SalesforceLabs - CMS Content Type Creator/code/force-app/main/default/lwc/utils/utils.js","statementMap":{"0":{"start":{"line":8,"column":18},"end":{"line":8,"column":6}},"1":{"start":{"line":9,"column":4},"end":{"line":9,"column":10}},"2":{"start":{"line":16,"column":22},"end":{"line":16,"column":6}},"3":{"start":{"line":17,"column":4},"end":{"line":21,"column":null}},"4":{"start":{"line":18,"column":8},"end":{"line":18,"column":12}},"5":{"start":{"line":20,"column":8},"end":{"line":20,"column":null}},"6":{"start":{"line":22,"column":4},"end":{"line":22,"column":null}},"7":{"start":{"line":25,"column":22},"end":{"line":25,"column":6}},"8":{"start":{"line":26,"column":4},"end":{"line":26,"column":8}},"9":{"start":{"line":27,"column":4},"end":{"line":27,"column":8}},"10":{"start":{"line":29,"column":4},"end":{"line":48,"column":null}},"11":{"start":{"line":30,"column":8},"end":{"line":47,"column":null}},"12":{"start":{"line":31,"column":12},"end":{"line":46,"column":null}},"13":{"start":{"line":32,"column":36},"end":{"line":32,"column":40}},"14":{"start":{"line":33,"column":16},"end":{"line":36,"column":null}},"15":{"start":{"line":34,"column":20},"end":{"line":34,"column":30}},"16":{"start":{"line":35,"column":20},"end":{"line":35,"column":32}},"17":{"start":{"line":39,"column":16},"end":{"line":39,"column":28}},"18":{"start":{"line":41,"column":16},"end":{"line":42,"column":32}},"19":{"start":{"line":42,"column":20},"end":{"line":42,"column":32}},"20":{"start":{"line":44,"column":16},"end":{"line":45,"column":30}},"21":{"start":{"line":45,"column":20},"end":{"line":45,"column":30}},"22":{"start":{"line":50,"column":4},"end":{"line":50,"column":11}},"23":{"start":{"line":53,"column":25},"end":{"line":53,"column":6}},"24":{"start":{"line":54,"column":4},"end":{"line":58,"column":null}},"25":{"start":{"line":55,"column":8},"end":{"line":55,"column":14}},"26":{"start":{"line":56,"column":12},"end":{"line":56,"column":18}},"27":{"start":{"line":61,"column":21},"end":{"line":61,"column":6}},"28":{"start":{"line":62,"column":4},"end":{"line":62,"column":8}},"29":{"start":{"line":63,"column":4},"end":{"line":86,"column":null}},"30":{"start":{"line":64,"column":8},"end":{"line":64,"column":21}},"31":{"start":{"line":87,"column":4},"end":{"line":87,"column":17}},"32":{"start":{"line":88,"column":4},"end":{"line":88,"column":null}}},"fnMap":{"0":{"name":"(anonymous_0)","decl":{"start":{"line":8,"column":18},"end":{"line":8,"column":51}},"loc":{"start":{"line":8,"column":51},"end":{"line":8,"column":6}}},"1":{"name":"(anonymous_1)","decl":{"start":{"line":16,"column":22},"end":{"line":16,"column":30}},"loc":{"start":{"line":16,"column":30},"end":{"line":16,"column":6}}},"2":{"name":"(anonymous_2)","decl":{"start":{"line":25,"column":22},"end":{"line":25,"column":33}},"loc":{"start":{"line":25,"column":33},"end":{"line":25,"column":6}}},"3":{"name":"(anonymous_3)","decl":{"start":{"line":53,"column":25},"end":{"line":53,"column":36}},"loc":{"start":{"line":53,"column":36},"end":{"line":53,"column":6}}},"4":{"name":"(anonymous_4)","decl":{"start":{"line":55,"column":42},"end":{"line":55,"column":53}},"loc":{"start":{"line":55,"column":53},"end":{"line":55,"column":14}}},"5":{"name":"(anonymous_5)","decl":{"start":{"line":61,"column":21},"end":{"line":61,"column":37}},"loc":{"start":{"line":61,"column":37},"end":{"line":61,"column":6}}}},"branchMap":{"0":{"loc":{"start":{"line":29,"column":4},"end":{"line":48,"column":null}},"type":"if","locations":[{"start":{"line":29,"column":4},"end":{"line":48,"column":null}},{"start":{"line":29,"column":4},"end":{"line":48,"column":null}}]},"1":{"loc":{"start":{"line":30,"column":8},"end":{"line":47,"column":null}},"type":"if","locations":[{"start":{"line":30,"column":8},"end":{"line":47,"column":null}},{"start":{"line":30,"column":8},"end":{"line":47,"column":null}}]},"2":{"loc":{"start":{"line":31,"column":12},"end":{"line":46,"column":null}},"type":"if","locations":[{"start":{"line":31,"column":12},"end":{"line":46,"column":null}},{"start":{"line":31,"column":12},"end":{"line":46,"column":null}}]},"3":{"loc":{"start":{"line":33,"column":16},"end":{"line":36,"column":null}},"type":"if","locations":[{"start":{"line":33,"column":16},"end":{"line":36,"column":null}},{"start":{"line":33,"column":16},"end":{"line":36,"column":null}}]},"4":{"loc":{"start":{"line":41,"column":16},"end":{"line":42,"column":32}},"type":"if","locations":[{"start":{"line":41,"column":16},"end":{"line":42,"column":32}},{"start":{"line":41,"column":16},"end":{"line":42,"column":32}}]},"5":{"loc":{"start":{"line":44,"column":16},"end":{"line":45,"column":30}},"type":"if","locations":[{"start":{"line":44,"column":16},"end":{"line":45,"column":30}},{"start":{"line":44,"column":16},"end":{"line":45,"column":30}}]},"6":{"loc":{"start":{"line":54,"column":4},"end":{"line":58,"column":null}},"type":"if","locations":[{"start":{"line":54,"column":4},"end":{"line":58,"column":null}},{"start":{"line":54,"column":4},"end":{"line":58,"column":null}}]},"7":{"loc":{"start":{"line":63,"column":4},"end":{"line":86,"column":null}},"type":"if","locations":[{"start":{"line":63,"column":4},"end":{"line":86,"column":null}},{"start":{"line":63,"column":4},"end":{"line":86,"column":null}}]}},"s":{"0":0,"1":0,"2":0,"3":0,"4":0,"5":0,"6":0,"7":0,"8":0,"9":0,"10":0,"11":0,"12":0,"13":0,"14":0,"15":0,"16":0,"17":0,"18":0,"19":0,"20":0,"21":0,"22":0,"23":0,"24":0,"25":0,"26":0,"27":0,"28":0,"29":0,"30":0,"31":0,"32":0},"f":{"0":0,"1":0,"2":0,"3":0,"4":0,"5":0},"b":{"0":[0,0],"1":[0,0],"2":[0,0],"3":[0,0],"4":[0,0],"5":[0,0],"6":[0,0],"7":[0,0]}}
}
