TN:
SF:/Users/cono/Documents/Projects/SalesforceLabs - CMS Content Type Creator/code/force-app/main/default/lwc/cmsConfirmation/cmsConfirmation.js
FNF:0
FNH:0
DA:10,0
LF:1
LH:0
BRF:0
BRH:0
end_of_record
TN:
SF:/Users/cono/Documents/Projects/SalesforceLabs - CMS Content Type Creator/code/force-app/main/default/lwc/cmsContentTypeDetails/cmsContentTypeDetails.js
FN:23,(anonymous_3)
FN:41,(anonymous_4)
FN:46,(anonymous_5)
FN:52,(anonymous_6)
FN:55,(anonymous_7)
FN:60,(anonymous_8)
FN:70,(anonymous_9)
FN:101,(anonymous_10)
FN:105,(anonymous_11)
FN:109,(anonymous_12)
FN:113,(anonymous_13)
FN:119,(anonymous_14)
FN:123,(anonymous_15)
FN:126,(anonymous_16)
FN:131,(anonymous_17)
FN:135,(anonymous_18)
FN:141,(anonymous_19)
FNF:17
FNH:0
FNDA:0,(anonymous_3)
FNDA:0,(anonymous_4)
FNDA:0,(anonymous_5)
FNDA:0,(anonymous_6)
FNDA:0,(anonymous_7)
FNDA:0,(anonymous_8)
FNDA:0,(anonymous_9)
FNDA:0,(anonymous_10)
FNDA:0,(anonymous_11)
FNDA:0,(anonymous_12)
FNDA:0,(anonymous_13)
FNDA:0,(anonymous_14)
FNDA:0,(anonymous_15)
FNDA:0,(anonymous_16)
FNDA:0,(anonymous_17)
FNDA:0,(anonymous_18)
FNDA:0,(anonymous_19)
DA:11,0
DA:13,0
DA:23,0
DA:42,0
DA:43,0
DA:44,0
DA:45,0
DA:47,0
DA:48,0
DA:49,0
DA:50,0
DA:53,0
DA:56,0
DA:61,0
DA:62,0
DA:63,0
DA:64,0
DA:65,0
DA:66,0
DA:67,0
DA:71,0
DA:72,0
DA:74,0
DA:75,0
DA:77,0
DA:78,0
DA:80,0
DA:81,0
DA:83,0
DA:84,0
DA:86,0
DA:87,0
DA:89,0
DA:90,0
DA:92,0
DA:93,0
DA:95,0
DA:98,0
DA:102,0
DA:106,0
DA:110,0
DA:114,0
DA:115,0
DA:117,0
DA:118,0
DA:120,0
DA:121,0
DA:124,0
DA:127,0
DA:132,0
DA:136,0
DA:137,0
DA:138,0
DA:142,0
DA:143,0
LF:55
LH:0
BRDA:73,0,0,0
BRDA:73,0,1,0
BRDA:73,0,2,0
BRDA:73,0,3,0
BRDA:73,0,4,0
BRDA:73,0,5,0
BRDA:73,0,6,0
BRDA:73,0,7,0
BRF:8
BRH:0
end_of_record
TN:
SF:/Users/cono/Documents/Projects/SalesforceLabs - CMS Content Type Creator/code/force-app/main/default/lwc/cmsContentTypes/cmsContentTypes.js
FN:28,(anonymous_3)
FN:43,(anonymous_4)
FN:47,(anonymous_5)
FN:50,(anonymous_6)
FN:60,(anonymous_7)
FN:63,(anonymous_8)
FN:68,(anonymous_9)
FN:84,(anonymous_10)
FN:88,(anonymous_11)
FN:92,(anonymous_12)
FN:96,(anonymous_13)
FN:102,(anonymous_14)
FN:106,(anonymous_15)
FN:109,(anonymous_16)
FN:114,(anonymous_17)
FN:120,(anonymous_18)
FN:125,(anonymous_19)
FN:129,(anonymous_20)
FN:140,(anonymous_21)
FN:156,(anonymous_22)
FNF:20
FNH:0
FNDA:0,(anonymous_3)
FNDA:0,(anonymous_4)
FNDA:0,(anonymous_5)
FNDA:0,(anonymous_6)
FNDA:0,(anonymous_7)
FNDA:0,(anonymous_8)
FNDA:0,(anonymous_9)
FNDA:0,(anonymous_10)
FNDA:0,(anonymous_11)
FNDA:0,(anonymous_12)
FNDA:0,(anonymous_13)
FNDA:0,(anonymous_14)
FNDA:0,(anonymous_15)
FNDA:0,(anonymous_16)
FNDA:0,(anonymous_17)
FNDA:0,(anonymous_18)
FNDA:0,(anonymous_19)
FNDA:0,(anonymous_20)
FNDA:0,(anonymous_21)
FNDA:0,(anonymous_22)
DA:11,0
DA:13,0
DA:19,0
DA:28,0
DA:44,0
DA:48,0
DA:49,0
DA:51,0
DA:52,0
DA:54,0
DA:55,0
DA:56,0
DA:58,0
DA:61,0
DA:64,0
DA:69,0
DA:70,0
DA:71,0
DA:73,0
DA:74,0
DA:75,0
DA:77,0
DA:78,0
DA:80,0
DA:85,0
DA:89,0
DA:93,0
DA:97,0
DA:98,0
DA:100,0
DA:101,0
DA:103,0
DA:104,0
DA:107,0
DA:110,0
DA:115,0
DA:116,0
DA:117,0
DA:121,0
DA:122,0
DA:126,0
DA:127,0
DA:128,0
DA:129,0
DA:130,0
DA:131,0
DA:133,0
DA:134,0
DA:136,0
DA:140,0
DA:141,0
DA:142,0
DA:144,0
DA:145,0
DA:147,0
DA:151,0
DA:152,0
DA:153,0
DA:157,0
LF:59
LH:0
BRDA:72,0,0,0
BRDA:72,0,1,0
BRDA:72,0,2,0
BRDA:128,1,0,0
BRDA:128,1,1,0
BRDA:130,2,0,0
BRDA:130,2,1,0
BRDA:133,3,0,0
BRDA:133,3,1,0
BRDA:141,4,0,0
BRDA:141,4,1,0
BRDA:144,5,0,0
BRDA:144,5,1,0
BRF:13
BRH:0
end_of_record
TN:
SF:/Users/cono/Documents/Projects/SalesforceLabs - CMS Content Type Creator/code/force-app/main/default/lwc/cmsCreateContentType/cmsCreateContentType.js
FN:38,(anonymous_3)
FN:58,(anonymous_4)
FN:62,(anonymous_5)
FN:68,(anonymous_6)
FN:80,(anonymous_7)
FN:83,(anonymous_8)
FN:97,(anonymous_9)
FN:100,(anonymous_10)
FN:105,(anonymous_11)
FN:122,(anonymous_12)
FN:126,(anonymous_13)
FN:152,(anonymous_14)
FN:158,(anonymous_15)
FN:161,(anonymous_16)
FN:166,(anonymous_17)
FN:184,(anonymous_18)
FN:199,(anonymous_19)
FN:211,(anonymous_20)
FN:219,(anonymous_21)
FN:236,(anonymous_22)
FN:240,(anonymous_23)
FN:244,(anonymous_24)
FN:255,(anonymous_25)
FN:262,(anonymous_26)
FN:266,(anonymous_27)
FN:270,(anonymous_28)
FN:276,(anonymous_29)
FNF:27
FNH:0
FNDA:0,(anonymous_3)
FNDA:0,(anonymous_4)
FNDA:0,(anonymous_5)
FNDA:0,(anonymous_6)
FNDA:0,(anonymous_7)
FNDA:0,(anonymous_8)
FNDA:0,(anonymous_9)
FNDA:0,(anonymous_10)
FNDA:0,(anonymous_11)
FNDA:0,(anonymous_12)
FNDA:0,(anonymous_13)
FNDA:0,(anonymous_14)
FNDA:0,(anonymous_15)
FNDA:0,(anonymous_16)
FNDA:0,(anonymous_17)
FNDA:0,(anonymous_18)
FNDA:0,(anonymous_19)
FNDA:0,(anonymous_20)
FNDA:0,(anonymous_21)
FNDA:0,(anonymous_22)
FNDA:0,(anonymous_23)
FNDA:0,(anonymous_24)
FNDA:0,(anonymous_25)
FNDA:0,(anonymous_26)
FNDA:0,(anonymous_27)
FNDA:0,(anonymous_28)
FNDA:0,(anonymous_29)
DA:11,0
DA:13,0
DA:15,0
DA:38,0
DA:59,0
DA:60,0
DA:61,0
DA:63,0
DA:64,0
DA:69,0
DA:70,0
DA:71,0
DA:72,0
DA:75,0
DA:76,0
DA:81,0
DA:82,0
DA:84,0
DA:85,0
DA:87,0
DA:88,0
DA:90,0
DA:91,0
DA:92,0
DA:93,0
DA:95,0
DA:98,0
DA:101,0
DA:106,0
DA:118,0
DA:119,0
DA:123,0
DA:127,0
DA:128,0
DA:130,0
DA:132,0
DA:133,0
DA:134,0
DA:137,0
DA:147,0
DA:151,0
DA:153,0
DA:154,0
DA:156,0
DA:159,0
DA:162,0
DA:168,0
DA:169,0
DA:170,0
DA:171,0
DA:172,0
DA:173,0
DA:174,0
DA:175,0
DA:180,0
DA:181,0
DA:186,0
DA:187,0
DA:189,0
DA:190,0
DA:191,0
DA:195,0
DA:196,0
DA:200,0
DA:201,0
DA:203,0
DA:204,0
DA:205,0
DA:206,0
DA:207,0
DA:209,0
DA:210,0
DA:211,0
DA:212,0
DA:213,0
DA:215,0
DA:220,0
DA:221,0
DA:232,0
DA:233,0
DA:237,0
DA:241,0
DA:245,0
DA:246,0
DA:249,0
DA:250,0
DA:251,0
DA:252,0
DA:259,0
DA:263,0
DA:267,0
DA:271,0
DA:272,0
DA:273,0
DA:277,0
DA:278,0
LF:96
LH:0
BRDA:59,0,0,0
BRDA:59,0,1,0
BRDA:71,1,0,0
BRDA:71,1,1,0
BRDA:93,2,0,0
BRDA:93,2,1,0
BRDA:173,3,0,0
BRDA:173,3,1,0
BRDA:190,4,0,0
BRDA:190,4,1,0
BRDA:203,5,0,0
BRDA:203,5,1,0
BRDA:209,6,0,0
BRDA:209,6,1,0
BRDA:250,7,0,0
BRDA:250,7,1,0
BRDA:250,8,0,0
BRDA:250,8,1,0
BRF:18
BRH:0
end_of_record
TN:
SF:/Users/cono/Documents/Projects/SalesforceLabs - CMS Content Type Creator/code/force-app/main/default/lwc/cmsNotice/cmsNotice.js
FN:10,(anonymous_1)
FN:14,(anonymous_2)
FNF:2
FNH:2
FNDA:3,(anonymous_1)
FNDA:1,(anonymous_2)
DA:10,9
DA:15,1
LF:2
LH:2
BRF:0
BRH:0
end_of_record
TN:
SF:/Users/cono/Documents/Projects/SalesforceLabs - CMS Content Type Creator/code/force-app/main/default/lwc/comboboxCustomType/comboboxCustomType.js
FN:10,(anonymous_1)
FN:18,(anonymous_2)
FN:27,(anonymous_3)
FNF:3
FNH:0
FNDA:0,(anonymous_1)
FNDA:0,(anonymous_2)
FNDA:0,(anonymous_3)
DA:10,0
DA:19,0
DA:20,0
DA:21,0
DA:24,0
DA:28,0
LF:6
LH:0
BRDA:20,0,0,0
BRDA:20,0,1,0
BRF:2
BRH:0
end_of_record
TN:
SF:/Users/cono/Documents/Projects/SalesforceLabs - CMS Content Type Creator/code/force-app/main/default/lwc/extendedDatatable/extendedDatatable.js
FNF:0
FNH:0
DA:8,0
DA:9,0
DA:11,0
LF:3
LH:0
BRF:0
BRH:0
end_of_record
TN:
SF:/Users/cono/Documents/Projects/SalesforceLabs - CMS Content Type Creator/code/force-app/main/default/lwc/utils/utils.js
FN:8,(anonymous_0)
FN:16,(anonymous_1)
FN:25,(anonymous_2)
FN:53,(anonymous_3)
FN:55,(anonymous_4)
FN:61,(anonymous_5)
FNF:6
FNH:0
FNDA:0,(anonymous_0)
FNDA:0,(anonymous_1)
FNDA:0,(anonymous_2)
FNDA:0,(anonymous_3)
FNDA:0,(anonymous_4)
FNDA:0,(anonymous_5)
DA:8,0
DA:9,0
DA:16,0
DA:17,0
DA:18,0
DA:20,0
DA:22,0
DA:25,0
DA:26,0
DA:27,0
DA:29,0
DA:30,0
DA:31,0
DA:32,0
DA:33,0
DA:34,0
DA:35,0
DA:39,0
DA:41,0
DA:42,0
DA:44,0
DA:45,0
DA:50,0
DA:53,0
DA:54,0
DA:55,0
DA:56,0
DA:61,0
DA:62,0
DA:63,0
DA:64,0
DA:87,0
DA:88,0
LF:33
LH:0
BRDA:29,0,0,0
BRDA:29,0,1,0
BRDA:30,1,0,0
BRDA:30,1,1,0
BRDA:31,2,0,0
BRDA:31,2,1,0
BRDA:33,3,0,0
BRDA:33,3,1,0
BRDA:41,4,0,0
BRDA:41,4,1,0
BRDA:44,5,0,0
BRDA:44,5,1,0
BRDA:54,6,0,0
BRDA:54,6,1,0
BRDA:63,7,0,0
BRDA:63,7,1,0
BRF:16
BRH:0
end_of_record
